2026-07-08 23:07:12.094 Uvicorn server started on :::8501

  You can now view your Streamlit app in your browser.

  Local URL: http://localhost:8501
  Network URL: http://192.168.0.103:8501

  Help agents write better Streamlit apps?
  Install the official Streamlit skills by running streamlit skills in your terminal.

  For better performance, install the Watchdog module:

  $ xcode-select --install
  $ pip install watchdog
            
2026-07-08 23:07:14.648 `label` got an empty value. This is discouraged for accessibility reasons and may be disallowed in the future by raising an exception. Please provide a non-empty label and hide it with label_visibility if needed.
Stack (most recent call last):
  File "/opt/anaconda3/lib/python3.12/threading.py", line 1030, in _bootstrap
    self._bootstrap_inner()
  File "/opt/anaconda3/lib/python3.12/threading.py", line 1073, in _bootstrap_inner
    self.run()
  File "/opt/anaconda3/lib/python3.12/threading.py", line 1010, in run
    self._target(*self._args, **self._kwargs)
  File "/Users/sai/Documents/AI TIME MANAGMENT/backend/venv/lib/python3.12/site-packages/streamlit/runtime/scriptrunner/script_runner.py", line 418, in _run_script_thread
    self._run_script(request.rerun_data)
  File "/Users/sai/Documents/AI TIME MANAGMENT/backend/venv/lib/python3.12/site-packages/streamlit/runtime/scriptrunner/script_runner.py", line 820, in _run_script
    ) = exec_func_with_error_handling(code_to_exec, ctx)
  File "/Users/sai/Documents/AI TIME MANAGMENT/backend/venv/lib/python3.12/site-packages/streamlit/runtime/scriptrunner/exec_code.py", line 129, in exec_func_with_error_handling
    result = func()
  File "/Users/sai/Documents/AI TIME MANAGMENT/backend/venv/lib/python3.12/site-packages/streamlit/runtime/scriptrunner/script_runner.py", line 795, in code_to_exec
    exec(code, module.__dict__)  # noqa: S102
  File "/Users/sai/Documents/AI TIME MANAGMENT/streamlit_app.py", line 303, in <module>
    if st.checkbox("", value=completed, key=f"check_{t_id}"):
  File "/Users/sai/Documents/AI TIME MANAGMENT/backend/venv/lib/python3.12/site-packages/streamlit/runtime/metrics_util.py", line 568, in wrapped_func
    result = non_optional_func(*args, **kwargs)
  File "/Users/sai/Documents/AI TIME MANAGMENT/backend/venv/lib/python3.12/site-packages/streamlit/elements/widgets/checkbox.py", line 218, in checkbox
    return self._checkbox(
  File "/Users/sai/Documents/AI TIME MANAGMENT/backend/venv/lib/python3.12/site-packages/streamlit/elements/widgets/checkbox.py", line 431, in _checkbox
    maybe_raise_label_warnings(label, label_visibility)
  File "/Users/sai/Documents/AI TIME MANAGMENT/backend/venv/lib/python3.12/site-packages/streamlit/elements/lib/policies.py", line 150, in maybe_raise_label_warnings
    _LOGGER.warning(
2026-07-08 23:07:14.649 `label` got an empty value. This is discouraged for accessibility reasons and may be disallowed in the future by raising an exception. Please provide a non-empty label and hide it with label_visibility if needed.
Stack (most recent call last):
  File "/opt/anaconda3/lib/python3.12/threading.py", line 1030, in _bootstrap
    self._bootstrap_inner()
  File "/opt/anaconda3/lib/python3.12/threading.py", line 1073, in _bootstrap_inner
    self.run()
  File "/opt/anaconda3/lib/python3.12/threading.py", line 1010, in run
    self._target(*self._args, **self._kwargs)
  File "/Users/sai/Documents/AI TIME MANAGMENT/backend/venv/lib/python3.12/site-packages/streamlit/runtime/scriptrunner/script_runner.py", line 418, in _run_script_thread
    self._run_script(request.rerun_data)
  File "/Users/sai/Documents/AI TIME MANAGMENT/backend/venv/lib/python3.12/site-packages/streamlit/runtime/scriptrunner/script_runner.py", line 820, in _run_script
    ) = exec_func_with_error_handling(code_to_exec, ctx)
  File "/Users/sai/Documents/AI TIME MANAGMENT/backend/venv/lib/python3.12/site-packages/streamlit/runtime/scriptrunner/exec_code.py", line 129, in exec_func_with_error_handling
    result = func()
  File "/Users/sai/Documents/AI TIME MANAGMENT/backend/venv/lib/python3.12/site-packages/streamlit/runtime/scriptrunner/script_runner.py", line 795, in code_to_exec
    exec(code, module.__dict__)  # noqa: S102
  File "/Users/sai/Documents/AI TIME MANAGMENT/streamlit_app.py", line 303, in <module>
    if st.checkbox("", value=completed, key=f"check_{t_id}"):
  File "/Users/sai/Documents/AI TIME MANAGMENT/backend/venv/lib/python3.12/site-packages/streamlit/runtime/metrics_util.py", line 568, in wrapped_func
    result = non_optional_func(*args, **kwargs)
  File "/Users/sai/Documents/AI TIME MANAGMENT/backend/venv/lib/python3.12/site-packages/streamlit/elements/widgets/checkbox.py", line 218, in checkbox
    return self._checkbox(
  File "/Users/sai/Documents/AI TIME MANAGMENT/backend/venv/lib/python3.12/site-packages/streamlit/elements/widgets/checkbox.py", line 431, in _checkbox
    maybe_raise_label_warnings(label, label_visibility)
  File "/Users/sai/Documents/AI TIME MANAGMENT/backend/venv/lib/python3.12/site-packages/streamlit/elements/lib/policies.py", line 150, in maybe_raise_label_warnings
    _LOGGER.warning(
2026-07-08 23:07:14.650 `label` got an empty value. This is discouraged for accessibility reasons and may be disallowed in the future by raising an exception. Please provide a non-empty label and hide it with label_visibility if needed.
Stack (most recent call last):
  File "/opt/anaconda3/lib/python3.12/threading.py", line 1030, in _bootstrap
    self._bootstrap_inner()
  File "/opt/anaconda3/lib/python3.12/threading.py", line 1073, in _bootstrap_inner
    self.run()
  File "/opt/anaconda3/lib/python3.12/threading.py", line 1010, in run
    self._target(*self._args, **self._kwargs)
  File "/Users/sai/Documents/AI TIME MANAGMENT/backend/venv/lib/python3.12/site-packages/streamlit/runtime/scriptrunner/script_runner.py", line 418, in _run_script_thread
    self._run_script(request.rerun_data)
  File "/Users/sai/Documents/AI TIME MANAGMENT/backend/venv/lib/python3.12/site-packages/streamlit/runtime/scriptrunner/script_runner.py", line 820, in _run_script
    ) = exec_func_with_error_handling(code_to_exec, ctx)
  File "/Users/sai/Documents/AI TIME MANAGMENT/backend/venv/lib/python3.12/site-packages/streamlit/runtime/scriptrunner/exec_code.py", line 129, in exec_func_with_error_handling
    result = func()
  File "/Users/sai/Documents/AI TIME MANAGMENT/backend/venv/lib/python3.12/site-packages/streamlit/runtime/scriptrunner/script_runner.py", line 795, in code_to_exec
    exec(code, module.__dict__)  # noqa: S102
  File "/Users/sai/Documents/AI TIME MANAGMENT/streamlit_app.py", line 303, in <module>
    if st.checkbox("", value=completed, key=f"check_{t_id}"):
  File "/Users/sai/Documents/AI TIME MANAGMENT/backend/venv/lib/python3.12/site-packages/streamlit/runtime/metrics_util.py", line 568, in wrapped_func
    result = non_optional_func(*args, **kwargs)
  File "/Users/sai/Documents/AI TIME MANAGMENT/backend/venv/lib/python3.12/site-packages/streamlit/elements/widgets/checkbox.py", line 218, in checkbox
    return self._checkbox(
  File "/Users/sai/Documents/AI TIME MANAGMENT/backend/venv/lib/python3.12/site-packages/streamlit/elements/widgets/checkbox.py", line 431, in _checkbox
    maybe_raise_label_warnings(label, label_visibility)
  File "/Users/sai/Documents/AI TIME MANAGMENT/backend/venv/lib/python3.12/site-packages/streamlit/elements/lib/policies.py", line 150, in maybe_raise_label_warnings
    _LOGGER.warning(
2026-07-08 23:07:14.650 `label` got an empty value. This is discouraged for accessibility reasons and may be disallowed in the future by raising an exception. Please provide a non-empty label and hide it with label_visibility if needed.
Stack (most recent call last):
  File "/opt/anaconda3/lib/python3.12/threading.py", line 1030, in _bootstrap
    self._bootstrap_inner()
  File "/opt/anaconda3/lib/python3.12/threading.py", line 1073, in _bootstrap_inner
    self.run()
  File "/opt/anaconda3/lib/python3.12/threading.py", line 1010, in run
    self._target(*self._args, **self._kwargs)
  File "/Users/sai/Documents/AI TIME MANAGMENT/backend/venv/lib/python3.12/site-packages/streamlit/runtime/scriptrunner/script_runner.py", line 418, in _run_script_thread
    self._run_script(request.rerun_data)
  File "/Users/sai/Documents/AI TIME MANAGMENT/backend/venv/lib/python3.12/site-packages/streamlit/runtime/scriptrunner/script_runner.py", line 820, in _run_script
    ) = exec_func_with_error_handling(code_to_exec, ctx)
  File "/Users/sai/Documents/AI TIME MANAGMENT/backend/venv/lib/python3.12/site-packages/streamlit/runtime/scriptrunner/exec_code.py", line 129, in exec_func_with_error_handling
    result = func()
  File "/Users/sai/Documents/AI TIME MANAGMENT/backend/venv/lib/python3.12/site-packages/streamlit/runtime/scriptrunner/script_runner.py", line 795, in code_to_exec
    exec(code, module.__dict__)  # noqa: S102
  File "/Users/sai/Documents/AI TIME MANAGMENT/streamlit_app.py", line 303, in <module>
    if st.checkbox("", value=completed, key=f"check_{t_id}"):
  File "/Users/sai/Documents/AI TIME MANAGMENT/backend/venv/lib/python3.12/site-packages/streamlit/runtime/metrics_util.py", line 568, in wrapped_func
    result = non_optional_func(*args, **kwargs)
  File "/Users/sai/Documents/AI TIME MANAGMENT/backend/venv/lib/python3.12/site-packages/streamlit/elements/widgets/checkbox.py", line 218, in checkbox
    return self._checkbox(
  File "/Users/sai/Documents/AI TIME MANAGMENT/backend/venv/lib/python3.12/site-packages/streamlit/elements/widgets/checkbox.py", line 431, in _checkbox
    maybe_raise_label_warnings(label, label_visibility)
  File "/Users/sai/Documents/AI TIME MANAGMENT/backend/venv/lib/python3.12/site-packages/streamlit/elements/lib/policies.py", line 150, in maybe_raise_label_warnings
    _LOGGER.warning(
2026-07-08 23:07:14.651 `label` got an empty value. This is discouraged for accessibility reasons and may be disallowed in the future by raising an exception. Please provide a non-empty label and hide it with label_visibility if needed.
Stack (most recent call last):
  File "/opt/anaconda3/lib/python3.12/threading.py", line 1030, in _bootstrap
    self._bootstrap_inner()
  File "/opt/anaconda3/lib/python3.12/threading.py", line 1073, in _bootstrap_inner
    self.run()
  File "/opt/anaconda3/lib/python3.12/threading.py", line 1010, in run
    self._target(*self._args, **self._kwargs)
  File "/Users/sai/Documents/AI TIME MANAGMENT/backend/venv/lib/python3.12/site-packages/streamlit/runtime/scriptrunner/script_runner.py", line 418, in _run_script_thread
    self._run_script(request.rerun_data)
  File "/Users/sai/Documents/AI TIME MANAGMENT/backend/venv/lib/python3.12/site-packages/streamlit/runtime/scriptrunner/script_runner.py", line 820, in _run_script
    ) = exec_func_with_error_handling(code_to_exec, ctx)
  File "/Users/sai/Documents/AI TIME MANAGMENT/backend/venv/lib/python3.12/site-packages/streamlit/runtime/scriptrunner/exec_code.py", line 129, in exec_func_with_error_handling
    result = func()
  File "/Users/sai/Documents/AI TIME MANAGMENT/backend/venv/lib/python3.12/site-packages/streamlit/runtime/scriptrunner/script_runner.py", line 795, in code_to_exec
    exec(code, module.__dict__)  # noqa: S102
  File "/Users/sai/Documents/AI TIME MANAGMENT/streamlit_app.py", line 303, in <module>
    if st.checkbox("", value=completed, key=f"check_{t_id}"):
  File "/Users/sai/Documents/AI TIME MANAGMENT/backend/venv/lib/python3.12/site-packages/streamlit/runtime/metrics_util.py", line 568, in wrapped_func
    result = non_optional_func(*args, **kwargs)
  File "/Users/sai/Documents/AI TIME MANAGMENT/backend/venv/lib/python3.12/site-packages/streamlit/elements/widgets/checkbox.py", line 218, in checkbox
    return self._checkbox(
  File "/Users/sai/Documents/AI TIME MANAGMENT/backend/venv/lib/python3.12/site-packages/streamlit/elements/widgets/checkbox.py", line 431, in _checkbox
    maybe_raise_label_warnings(label, label_visibility)
  File "/Users/sai/Documents/AI TIME MANAGMENT/backend/venv/lib/python3.12/site-packages/streamlit/elements/lib/policies.py", line 150, in maybe_raise_label_warnings
    _LOGGER.warning(
2026-07-08 23:07:14.652 Uncaught app execution
Traceback (most recent call last):
  File "/Users/sai/Documents/AI TIME MANAGMENT/backend/venv/lib/python3.12/site-packages/streamlit/runtime/scriptrunner/exec_code.py", line 129, in exec_func_with_error_handling
    result = func()
             ^^^^^^
  File "/Users/sai/Documents/AI TIME MANAGMENT/backend/venv/lib/python3.12/site-packages/streamlit/runtime/scriptrunner/script_runner.py", line 795, in code_to_exec
    exec(code, module.__dict__)  # noqa: S102
    ^^^^^^^^^^^^^^^^^^^^^^^^^^^
  File "/Users/sai/Documents/AI TIME MANAGMENT/streamlit_app.py", line 371, in <module>
    title = st.text_input("Task Title", required=True)
            ^^^^^^^^^^^^^^^^^^^^^^^^^^^^^^^^^^^^^^^^^^
  File "/Users/sai/Documents/AI TIME MANAGMENT/backend/venv/lib/python3.12/site-packages/streamlit/runtime/metrics_util.py", line 568, in wrapped_func
    result = non_optional_func(*args, **kwargs)
             ^^^^^^^^^^^^^^^^^^^^^^^^^^^^^^^^^^
TypeError: TextWidgetsMixin.text_input() got an unexpected keyword argument 'required'
2026-07-08 23:07:23.369 `label` got an empty value. This is discouraged for accessibility reasons and may be disallowed in the future by raising an exception. Please provide a non-empty label and hide it with label_visibility if needed.
Stack (most recent call last):
  File "/opt/anaconda3/lib/python3.12/threading.py", line 1030, in _bootstrap
    self._bootstrap_inner()
  File "/opt/anaconda3/lib/python3.12/threading.py", line 1073, in _bootstrap_inner
    self.run()
  File "/opt/anaconda3/lib/python3.12/threading.py", line 1010, in run
    self._target(*self._args, **self._kwargs)
  File "/Users/sai/Documents/AI TIME MANAGMENT/backend/venv/lib/python3.12/site-packages/streamlit/runtime/scriptrunner/script_runner.py", line 418, in _run_script_thread
    self._run_script(request.rerun_data)
  File "/Users/sai/Documents/AI TIME MANAGMENT/backend/venv/lib/python3.12/site-packages/streamlit/runtime/scriptrunner/script_runner.py", line 820, in _run_script
    ) = exec_func_with_error_handling(code_to_exec, ctx)
  File "/Users/sai/Documents/AI TIME MANAGMENT/backend/venv/lib/python3.12/site-packages/streamlit/runtime/scriptrunner/exec_code.py", line 129, in exec_func_with_error_handling
    result = func()
  File "/Users/sai/Documents/AI TIME MANAGMENT/backend/venv/lib/python3.12/site-packages/streamlit/runtime/scriptrunner/script_runner.py", line 795, in code_to_exec
    exec(code, module.__dict__)  # noqa: S102
  File "/Users/sai/Documents/AI TIME MANAGMENT/streamlit_app.py", line 303, in <module>
    if st.checkbox("", value=completed, key=f"check_{t_id}"):
  File "/Users/sai/Documents/AI TIME MANAGMENT/backend/venv/lib/python3.12/site-packages/streamlit/runtime/metrics_util.py", line 568, in wrapped_func
    result = non_optional_func(*args, **kwargs)
  File "/Users/sai/Documents/AI TIME MANAGMENT/backend/venv/lib/python3.12/site-packages/streamlit/elements/widgets/checkbox.py", line 218, in checkbox
    return self._checkbox(
  File "/Users/sai/Documents/AI TIME MANAGMENT/backend/venv/lib/python3.12/site-packages/streamlit/elements/widgets/checkbox.py", line 431, in _checkbox
    maybe_raise_label_warnings(label, label_visibility)
  File "/Users/sai/Documents/AI TIME MANAGMENT/backend/venv/lib/python3.12/site-packages/streamlit/elements/lib/policies.py", line 150, in maybe_raise_label_warnings
    _LOGGER.warning(
2026-07-08 23:07:23.371 `label` got an empty value. This is discouraged for accessibility reasons and may be disallowed in the future by raising an exception. Please provide a non-empty label and hide it with label_visibility if needed.
Stack (most recent call last):
  File "/opt/anaconda3/lib/python3.12/threading.py", line 1030, in _bootstrap
    self._bootstrap_inner()
  File "/opt/anaconda3/lib/python3.12/threading.py", line 1073, in _bootstrap_inner
    self.run()
  File "/opt/anaconda3/lib/python3.12/threading.py", line 1010, in run
    self._target(*self._args, **self._kwargs)
  File "/Users/sai/Documents/AI TIME MANAGMENT/backend/venv/lib/python3.12/site-packages/streamlit/runtime/scriptrunner/script_runner.py", line 418, in _run_script_thread
    self._run_script(request.rerun_data)
  File "/Users/sai/Documents/AI TIME MANAGMENT/backend/venv/lib/python3.12/site-packages/streamlit/runtime/scriptrunner/script_runner.py", line 820, in _run_script
    ) = exec_func_with_error_handling(code_to_exec, ctx)
  File "/Users/sai/Documents/AI TIME MANAGMENT/backend/venv/lib/python3.12/site-packages/streamlit/runtime/scriptrunner/exec_code.py", line 129, in exec_func_with_error_handling
    result = func()
  File "/Users/sai/Documents/AI TIME MANAGMENT/backend/venv/lib/python3.12/site-packages/streamlit/runtime/scriptrunner/script_runner.py", line 795, in code_to_exec
    exec(code, module.__dict__)  # noqa: S102
  File "/Users/sai/Documents/AI TIME MANAGMENT/streamlit_app.py", line 303, in <module>
    if st.checkbox("", value=completed, key=f"check_{t_id}"):
  File "/Users/sai/Documents/AI TIME MANAGMENT/backend/venv/lib/python3.12/site-packages/streamlit/runtime/metrics_util.py", line 568, in wrapped_func
    result = non_optional_func(*args, **kwargs)
  File "/Users/sai/Documents/AI TIME MANAGMENT/backend/venv/lib/python3.12/site-packages/streamlit/elements/widgets/checkbox.py", line 218, in checkbox
    return self._checkbox(
  File "/Users/sai/Documents/AI TIME MANAGMENT/backend/venv/lib/python3.12/site-packages/streamlit/elements/widgets/checkbox.py", line 431, in _checkbox
    maybe_raise_label_warnings(label, label_visibility)
  File "/Users/sai/Documents/AI TIME MANAGMENT/backend/venv/lib/python3.12/site-packages/streamlit/elements/lib/policies.py", line 150, in maybe_raise_label_warnings
    _LOGGER.warning(
2026-07-08 23:07:23.372 `label` got an empty value. This is discouraged for accessibility reasons and may be disallowed in the future by raising an exception. Please provide a non-empty label and hide it with label_visibility if needed.
Stack (most recent call last):
  File "/opt/anaconda3/lib/python3.12/threading.py", line 1030, in _bootstrap
    self._bootstrap_inner()
  File "/opt/anaconda3/lib/python3.12/threading.py", line 1073, in _bootstrap_inner
    self.run()
  File "/opt/anaconda3/lib/python3.12/threading.py", line 1010, in run
    self._target(*self._args, **self._kwargs)
  File "/Users/sai/Documents/AI TIME MANAGMENT/backend/venv/lib/python3.12/site-packages/streamlit/runtime/scriptrunner/script_runner.py", line 418, in _run_script_thread
    self._run_script(request.rerun_data)
  File "/Users/sai/Documents/AI TIME MANAGMENT/backend/venv/lib/python3.12/site-packages/streamlit/runtime/scriptrunner/script_runner.py", line 820, in _run_script
    ) = exec_func_with_error_handling(code_to_exec, ctx)
  File "/Users/sai/Documents/AI TIME MANAGMENT/backend/venv/lib/python3.12/site-packages/streamlit/runtime/scriptrunner/exec_code.py", line 129, in exec_func_with_error_handling
    result = func()
  File "/Users/sai/Documents/AI TIME MANAGMENT/backend/venv/lib/python3.12/site-packages/streamlit/runtime/scriptrunner/script_runner.py", line 795, in code_to_exec
    exec(code, module.__dict__)  # noqa: S102
  File "/Users/sai/Documents/AI TIME MANAGMENT/streamlit_app.py", line 303, in <module>
    if st.checkbox("", value=completed, key=f"check_{t_id}"):
  File "/Users/sai/Documents/AI TIME MANAGMENT/backend/venv/lib/python3.12/site-packages/streamlit/runtime/metrics_util.py", line 568, in wrapped_func
    result = non_optional_func(*args, **kwargs)
  File "/Users/sai/Documents/AI TIME MANAGMENT/backend/venv/lib/python3.12/site-packages/streamlit/elements/widgets/checkbox.py", line 218, in checkbox
    return self._checkbox(
  File "/Users/sai/Documents/AI TIME MANAGMENT/backend/venv/lib/python3.12/site-packages/streamlit/elements/widgets/checkbox.py", line 431, in _checkbox
    maybe_raise_label_warnings(label, label_visibility)
  File "/Users/sai/Documents/AI TIME MANAGMENT/backend/venv/lib/python3.12/site-packages/streamlit/elements/lib/policies.py", line 150, in maybe_raise_label_warnings
    _LOGGER.warning(
2026-07-08 23:07:23.375 `label` got an empty value. This is discouraged for accessibility reasons and may be disallowed in the future by raising an exception. Please provide a non-empty label and hide it with label_visibility if needed.
Stack (most recent call last):
  File "/opt/anaconda3/lib/python3.12/threading.py", line 1030, in _bootstrap
    self._bootstrap_inner()
  File "/opt/anaconda3/lib/python3.12/threading.py", line 1073, in _bootstrap_inner
    self.run()
  File "/opt/anaconda3/lib/python3.12/threading.py", line 1010, in run
    self._target(*self._args, **self._kwargs)
  File "/Users/sai/Documents/AI TIME MANAGMENT/backend/venv/lib/python3.12/site-packages/streamlit/runtime/scriptrunner/script_runner.py", line 418, in _run_script_thread
    self._run_script(request.rerun_data)
  File "/Users/sai/Documents/AI TIME MANAGMENT/backend/venv/lib/python3.12/site-packages/streamlit/runtime/scriptrunner/script_runner.py", line 820, in _run_script
    ) = exec_func_with_error_handling(code_to_exec, ctx)
  File "/Users/sai/Documents/AI TIME MANAGMENT/backend/venv/lib/python3.12/site-packages/streamlit/runtime/scriptrunner/exec_code.py", line 129, in exec_func_with_error_handling
    result = func()
  File "/Users/sai/Documents/AI TIME MANAGMENT/backend/venv/lib/python3.12/site-packages/streamlit/runtime/scriptrunner/script_runner.py", line 795, in code_to_exec
    exec(code, module.__dict__)  # noqa: S102
  File "/Users/sai/Documents/AI TIME MANAGMENT/streamlit_app.py", line 303, in <module>
    if st.checkbox("", value=completed, key=f"check_{t_id}"):
  File "/Users/sai/Documents/AI TIME MANAGMENT/backend/venv/lib/python3.12/site-packages/streamlit/runtime/metrics_util.py", line 568, in wrapped_func
    result = non_optional_func(*args, **kwargs)
  File "/Users/sai/Documents/AI TIME MANAGMENT/backend/venv/lib/python3.12/site-packages/streamlit/elements/widgets/checkbox.py", line 218, in checkbox
    return self._checkbox(
  File "/Users/sai/Documents/AI TIME MANAGMENT/backend/venv/lib/python3.12/site-packages/streamlit/elements/widgets/checkbox.py", line 431, in _checkbox
    maybe_raise_label_warnings(label, label_visibility)
  File "/Users/sai/Documents/AI TIME MANAGMENT/backend/venv/lib/python3.12/site-packages/streamlit/elements/lib/policies.py", line 150, in maybe_raise_label_warnings
    _LOGGER.warning(
2026-07-08 23:07:23.378 `label` got an empty value. This is discouraged for accessibility reasons and may be disallowed in the future by raising an exception. Please provide a non-empty label and hide it with label_visibility if needed.
Stack (most recent call last):
  File "/opt/anaconda3/lib/python3.12/threading.py", line 1030, in _bootstrap
    self._bootstrap_inner()
  File "/opt/anaconda3/lib/python3.12/threading.py", line 1073, in _bootstrap_inner
    self.run()
  File "/opt/anaconda3/lib/python3.12/threading.py", line 1010, in run
    self._target(*self._args, **self._kwargs)
  File "/Users/sai/Documents/AI TIME MANAGMENT/backend/venv/lib/python3.12/site-packages/streamlit/runtime/scriptrunner/script_runner.py", line 418, in _run_script_thread
    self._run_script(request.rerun_data)
  File "/Users/sai/Documents/AI TIME MANAGMENT/backend/venv/lib/python3.12/site-packages/streamlit/runtime/scriptrunner/script_runner.py", line 820, in _run_script
    ) = exec_func_with_error_handling(code_to_exec, ctx)
  File "/Users/sai/Documents/AI TIME MANAGMENT/backend/venv/lib/python3.12/site-packages/streamlit/runtime/scriptrunner/exec_code.py", line 129, in exec_func_with_error_handling
    result = func()
  File "/Users/sai/Documents/AI TIME MANAGMENT/backend/venv/lib/python3.12/site-packages/streamlit/runtime/scriptrunner/script_runner.py", line 795, in code_to_exec
    exec(code, module.__dict__)  # noqa: S102
  File "/Users/sai/Documents/AI TIME MANAGMENT/streamlit_app.py", line 303, in <module>
    if st.checkbox("", value=completed, key=f"check_{t_id}"):
  File "/Users/sai/Documents/AI TIME MANAGMENT/backend/venv/lib/python3.12/site-packages/streamlit/runtime/metrics_util.py", line 568, in wrapped_func
    result = non_optional_func(*args, **kwargs)
  File "/Users/sai/Documents/AI TIME MANAGMENT/backend/venv/lib/python3.12/site-packages/streamlit/elements/widgets/checkbox.py", line 218, in checkbox
    return self._checkbox(
  File "/Users/sai/Documents/AI TIME MANAGMENT/backend/venv/lib/python3.12/site-packages/streamlit/elements/widgets/checkbox.py", line 431, in _checkbox
    maybe_raise_label_warnings(label, label_visibility)
  File "/Users/sai/Documents/AI TIME MANAGMENT/backend/venv/lib/python3.12/site-packages/streamlit/elements/lib/policies.py", line 150, in maybe_raise_label_warnings
    _LOGGER.warning(
2026-07-08 23:07:23.380 Uncaught app execution
Traceback (most recent call last):
  File "/Users/sai/Documents/AI TIME MANAGMENT/backend/venv/lib/python3.12/site-packages/streamlit/runtime/scriptrunner/exec_code.py", line 129, in exec_func_with_error_handling
    result = func()
             ^^^^^^
  File "/Users/sai/Documents/AI TIME MANAGMENT/backend/venv/lib/python3.12/site-packages/streamlit/runtime/scriptrunner/script_runner.py", line 795, in code_to_exec
    exec(code, module.__dict__)  # noqa: S102
    ^^^^^^^^^^^^^^^^^^^^^^^^^^^
  File "/Users/sai/Documents/AI TIME MANAGMENT/streamlit_app.py", line 371, in <module>
    title = st.text_input("Task Title", required=True)
            ^^^^^^^^^^^^^^^^^^^^^^^^^^^^^^^^^^^^^^^^^^
  File "/Users/sai/Documents/AI TIME MANAGMENT/backend/venv/lib/python3.12/site-packages/streamlit/runtime/metrics_util.py", line 568, in wrapped_func
    result = non_optional_func(*args, **kwargs)
             ^^^^^^^^^^^^^^^^^^^^^^^^^^^^^^^^^^
TypeError: TextWidgetsMixin.text_input() got an unexpected keyword argument 'required'
